# JRE version: Java(TM) SE Runtime Environment (8.0_111-b14) (build 1.8.0_111-b14)
# Java VM: Java HotSpot(TM) 64-Bit Server VM (25.111-b14 mixed mode windows-amd64 compressed oops)
Heap:
 PSYoungGen      total 19456K, used 249K [0x00000000eb300000, 0x00000000f0480000, 0x0000000100000000)
  eden space 18944K, 0% used [0x00000000eb300000,0x00000000eb31e548,0x00000000ec580000)
  from space 512K, 25% used [0x00000000f0400000,0x00000000f0420000,0x00000000f0480000)
  to   space 512K, 0% used [0x00000000f0380000,0x00000000f0380000,0x00000000f0400000)
 ParOldGen       total 44032K, used 13913K [0x00000000c1800000, 0x00000000c4300000, 0x00000000eb300000)
  object space 44032K, 31% used [0x00000000c1800000,0x00000000c2596568,0x00000000c4300000)
 Metaspace       used 15785K, capacity 15962K, committed 16384K, reserved 1062912K
  class space    used 1887K, capacity 1965K, committed 2048K, reserved 1048576K
GC Heap History (10 events):
Event: 53855.696 GC heap before
{Heap before GC invocations=134 (full 0):
 PSYoungGen      total 19456K, used 19072K [0x00000000eb300000, 0x00000000f0480000, 0x0000000100000000)
  eden space 18944K, 100% used [0x00000000eb300000,0x00000000ec580000,0x00000000ec580000)
  from space 512K, 25% used [0x00000000f0380000,0x00000000f03a0000,0x00000000f0400000)
  to   space 512K, 0% used [0x00000000f0400000,0x00000000f0400000,0x00000000f0480000)
 ParOldGen       total 44032K, used 13809K [0x00000000c1800000, 0x00000000c4300000, 0x00000000eb300000)
  object space 44032K, 31% used [0x00000000c1800000,0x00000000c257c568,0x00000000c4300000)
 Metaspace       used 15778K, capacity 15962K, committed 16384K, reserved 1062912K
  class space    used 1887K, capacity 1965K, committed 2048K, reserved 1048576K
Event: 53855.701 GC heap after
Heap after GC invocations=134 (full 0):
 PSYoungGen      total 19456K, used 128K [0x00000000eb300000, 0x00000000f0480000, 0x0000000100000000)
  eden space 18944K, 0% used [0x00000000eb300000,0x00000000eb300000,0x00000000ec580000)
  from space 512K, 25% used [0x00000000f0400000,0x00000000f0420000,0x00000000f0480000)
  to   space 512K, 0% used [0x00000000f0380000,0x00000000f0380000,0x00000000f0400000)
 ParOldGen       total 44032K, used 13825K [0x00000000c1800000, 0x00000000c4300000, 0x00000000eb300000)
  object space 44032K, 31% used [0x00000000c1800000,0x00000000c2580568,0x00000000c4300000)
 Metaspace       used 15778K, capacity 15962K, committed 16384K, reserved 1062912K
  class space    used 1887K, capacity 1965K, committed 2048K, reserved 1048576K
}
Event: 54094.913 GC heap before
{Heap before GC invocations=135 (full 0):
 PSYoungGen      total 19456K, used 19072K [0x00000000eb300000, 0x00000000f0480000, 0x0000000100000000)
  eden space 18944K, 100% used [0x00000000eb300000,0x00000000ec580000,0x00000000ec580000)
  from space 512K, 25% used [0x00000000f0400000,0x00000000f0420000,0x00000000f0480000)
  to   space 512K, 0% used [0x00000000f0380000,0x00000000f0380000,0x00000000f0400000)
 ParOldGen       total 44032K, used 13825K [0x00000000c1800000, 0x00000000c4300000, 0x00000000eb300000)
  object space 44032K, 31% used [0x00000000c1800000,0x00000000c2580568,0x00000000c4300000)
 Metaspace       used 15778K, capacity 15962K, committed 16384K, reserved 1062912K
  class space    used 1887K, capacity 1965K, committed 2048K, reserved 1048576K
Event: 54094.916 GC heap after
Heap after GC invocations=135 (full 0):
 PSYoungGen      total 19456K, used 288K [0x00000000eb300000, 0x00000000f0480000, 0x0000000100000000)
  eden space 18944K, 0% used [0x00000000eb300000,0x00000000eb300000,0x00000000ec580000)
  from space 512K, 56% used [0x00000000f0380000,0x00000000f03c8000,0x00000000f0400000)
  to   space 512K, 0% used [0x00000000f0400000,0x00000000f0400000,0x00000000f0480000)
 ParOldGen       total 44032K, used 13849K [0x00000000c1800000, 0x00000000c4300000, 0x00000000eb300000)
  object space 44032K, 31% used [0x00000000c1800000,0x00000000c2586568,0x00000000c4300000)
 Metaspace       used 15778K, capacity 15962K, committed 16384K, reserved 1062912K
  class space    used 1887K, capacity 1965K, committed 2048K, reserved 1048576K
}
Event: 54325.811 GC heap before
{Heap before GC invocations=136 (full 0):
 PSYoungGen      total 19456K, used 19232K [0x00000000eb300000, 0x00000000f0480000, 0x0000000100000000)
  eden space 18944K, 100% used [0x00000000eb300000,0x00000000ec580000,0x00000000ec580000)
  from space 512K, 56% used [0x00000000f0380000,0x00000000f03c8000,0x00000000f0400000)
  to   space 512K, 0% used [0x00000000f0400000,0x00000000f0400000,0x00000000f0480000)
 ParOldGen       total 44032K, used 13849K [0x00000000c1800000, 0x00000000c4300000, 0x00000000eb300000)
  object space 44032K, 31% used [0x00000000c1800000,0x00000000c2586568,0x00000000c4300000)
 Metaspace       used 15778K, capacity 15962K, committed 16384K, reserved 1062912K
  class space    used 1887K, capacity 1965K, committed 2048K, reserved 1048576K
Event: 54325.815 GC heap after
Heap after GC invocations=136 (full 0):
 PSYoungGen      total 19456K, used 128K [0x00000000eb300000, 0x00000000f0480000, 0x0000000100000000)
  eden space 18944K, 0% used [0x00000000eb300000,0x00000000eb300000,0x00000000ec580000)
  from space 512K, 25% used [0x00000000f0400000,0x00000000f0420000,0x00000000f0480000)
  to   space 512K, 0% used [0x00000000f0380000,0x00000000f0380000,0x00000000f0400000)
 ParOldGen       total 44032K, used 13873K [0x00000000c1800000, 0x00000000c4300000, 0x00000000eb300000)
  object space 44032K, 31% used [0x00000000c1800000,0x00000000c258c568,0x00000000c4300000)
 Metaspace       used 15778K, capacity 15962K, committed 16384K, reserved 1062912K
  class space    used 1887K, capacity 1965K, committed 2048K, reserved 1048576K
}
Event: 54525.122 GC heap before
{Heap before GC invocations=137 (full 0):
 PSYoungGen      total 19456K, used 19072K [0x00000000eb300000, 0x00000000f0480000, 0x0000000100000000)
  eden space 18944K, 100% used [0x00000000eb300000,0x00000000ec580000,0x00000000ec580000)
  from space 512K, 25% used [0x00000000f0400000,0x00000000f0420000,0x00000000f0480000)
  to   space 512K, 0% used [0x00000000f0380000,0x00000000f0380000,0x00000000f0400000)
 ParOldGen       total 44032K, used 13873K [0x00000000c1800000, 0x00000000c4300000, 0x00000000eb300000)
  object space 44032K, 31% used [0x00000000c1800000,0x00000000c258c568,0x00000000c4300000)
 Metaspace       used 15779K, capacity 15962K, committed 16384K, reserved 1062912K
  class space    used 1887K, capacity 1965K, committed 2048K, reserved 1048576K
Event: 54525.126 GC heap after
Heap after GC invocations=137 (full 0):
 PSYoungGen      total 19456K, used 128K [0x00000000eb300000, 0x00000000f0480000, 0x0000000100000000)
  eden space 18944K, 0% used [0x00000000eb300000,0x00000000eb300000,0x00000000ec580000)
  from space 512K, 25% used [0x00000000f0380000,0x00000000f03a0000,0x00000000f0400000)
  to   space 512K, 0% used [0x00000000f0400000,0x00000000f0400000,0x00000000f0480000)
 ParOldGen       total 44032K, used 13897K [0x00000000c1800000, 0x00000000c4300000, 0x00000000eb300000)
  object space 44032K, 31% used [0x00000000c1800000,0x00000000c2592568,0x00000000c4300000)
 Metaspace       used 15779K, capacity 15962K, committed 16384K, reserved 1062912K
  class space    used 1887K, capacity 1965K, committed 2048K, reserved 1048576K
}
Event: 54696.483 GC heap before
{Heap before GC invocations=138 (full 0):
 PSYoungGen      total 19456K, used 19072K [0x00000000eb300000, 0x00000000f0480000, 0x0000000100000000)
  eden space 18944K, 100% used [0x00000000eb300000,0x00000000ec580000,0x00000000ec580000)
  from space 512K, 25% used [0x00000000f0380000,0x00000000f03a0000,0x00000000f0400000)
  to   space 512K, 0% used [0x00000000f0400000,0x00000000f0400000,0x00000000f0480000)
 ParOldGen       total 44032K, used 13897K [0x00000000c1800000, 0x00000000c4300000, 0x00000000eb300000)
  object space 44032K, 31% used [0x00000000c1800000,0x00000000c2592568,0x00000000c4300000)
 Metaspace       used 15782K, capacity 15962K, committed 16384K, reserved 1062912K
  class space    used 1887K, capacity 1965K, committed 2048K, reserved 1048576K
Event: 54696.486 GC heap after
Heap after GC invocations=138 (full 0):
 PSYoungGen      total 19456K, used 128K [0x00000000eb300000, 0x00000000f0480000, 0x0000000100000000)
  eden space 18944K, 0% used [0x00000000eb300000,0x00000000eb300000,0x00000000ec580000)
  from space 512K, 25% used [0x00000000f0400000,0x00000000f0420000,0x00000000f0480000)
  to   space 512K, 0% used [0x00000000f0380000,0x00000000f0380000,0x00000000f0400000)
 ParOldGen       total 44032K, used 13913K [0x00000000c1800000, 0x00000000c4300000, 0x00000000eb300000)
  object space 44032K, 31% used [0x00000000c1800000,0x00000000c2596568,0x00000000c4300000)
 Metaspace       used 15782K, capacity 15962K, committed 16384K, reserved 1062912K
  class space    used 1887K, capacity 1965K, committed 2048K, reserved 1048576K
}

