# JRE version: Java(TM) SE Runtime Environment (8.0_111-b14) (build 1.8.0_111-b14)
# Java VM: Java HotSpot(TM) 64-Bit Server VM (25.111-b14 mixed mode windows-amd64 compressed oops)
Heap:
 PSYoungGen      total 19456K, used 12862K [0x00000000eb300000, 0x00000000efd80000, 0x0000000100000000)
  eden space 18944K, 67% used [0x00000000eb300000,0x00000000ebf6fba0,0x00000000ec580000)
  from space 512K, 25% used [0x00000000efd00000,0x00000000efd20000,0x00000000efd80000)
  to   space 512K, 0% used [0x00000000efc80000,0x00000000efc80000,0x00000000efd00000)
 ParOldGen       total 44032K, used 15036K [0x00000000c1800000, 0x00000000c4300000, 0x00000000eb300000)
  object space 44032K, 34% used [0x00000000c1800000,0x00000000c26af318,0x00000000c4300000)
 Metaspace       used 15942K, capacity 16130K, committed 16384K, reserved 1062912K
  class space    used 1913K, capacity 1997K, committed 2048K, reserved 1048576K
GC Heap History (10 events):
Event: 58502.209 GC heap before
{Heap before GC invocations=204 (full 0):
 PSYoungGen      total 19456K, used 19072K [0x00000000eb300000, 0x00000000efd80000, 0x0000000100000000)
  eden space 18944K, 100% used [0x00000000eb300000,0x00000000ec580000,0x00000000ec580000)
  from space 512K, 25% used [0x00000000efc80000,0x00000000efca0000,0x00000000efd00000)
  to   space 512K, 0% used [0x00000000efd00000,0x00000000efd00000,0x00000000efd80000)
 ParOldGen       total 44032K, used 14948K [0x00000000c1800000, 0x00000000c4300000, 0x00000000eb300000)
  object space 44032K, 33% used [0x00000000c1800000,0x00000000c2699318,0x00000000c4300000)
 Metaspace       used 15937K, capacity 16130K, committed 16384K, reserved 1062912K
  class space    used 1913K, capacity 1997K, committed 2048K, reserved 1048576K
Event: 58502.214 GC heap after
Heap after GC invocations=204 (full 0):
 PSYoungGen      total 19456K, used 128K [0x00000000eb300000, 0x00000000efd80000, 0x0000000100000000)
  eden space 18944K, 0% used [0x00000000eb300000,0x00000000eb300000,0x00000000ec580000)
  from space 512K, 25% used [0x00000000efd00000,0x00000000efd20000,0x00000000efd80000)
  to   space 512K, 0% used [0x00000000efc80000,0x00000000efc80000,0x00000000efd00000)
 ParOldGen       total 44032K, used 14964K [0x00000000c1800000, 0x00000000c4300000, 0x00000000eb300000)
  object space 44032K, 33% used [0x00000000c1800000,0x00000000c269d318,0x00000000c4300000)
 Metaspace       used 15937K, capacity 16130K, committed 16384K, reserved 1062912K
  class space    used 1913K, capacity 1997K, committed 2048K, reserved 1048576K
}
Event: 58640.190 GC heap before
{Heap before GC invocations=205 (full 0):
 PSYoungGen      total 19456K, used 19072K [0x00000000eb300000, 0x00000000efd80000, 0x0000000100000000)
  eden space 18944K, 100% used [0x00000000eb300000,0x00000000ec580000,0x00000000ec580000)
  from space 512K, 25% used [0x00000000efd00000,0x00000000efd20000,0x00000000efd80000)
  to   space 512K, 0% used [0x00000000efc80000,0x00000000efc80000,0x00000000efd00000)
 ParOldGen       total 44032K, used 14964K [0x00000000c1800000, 0x00000000c4300000, 0x00000000eb300000)
  object space 44032K, 33% used [0x00000000c1800000,0x00000000c269d318,0x00000000c4300000)
 Metaspace       used 15937K, capacity 16130K, committed 16384K, reserved 1062912K
  class space    used 1913K, capacity 1997K, committed 2048K, reserved 1048576K
Event: 58640.194 GC heap after
Heap after GC invocations=205 (full 0):
 PSYoungGen      total 19456K, used 128K [0x00000000eb300000, 0x00000000efd80000, 0x0000000100000000)
  eden space 18944K, 0% used [0x00000000eb300000,0x00000000eb300000,0x00000000ec580000)
  from space 512K, 25% used [0x00000000efc80000,0x00000000efca0000,0x00000000efd00000)
  to   space 512K, 0% used [0x00000000efd00000,0x00000000efd00000,0x00000000efd80000)
 ParOldGen       total 44032K, used 14980K [0x00000000c1800000, 0x00000000c4300000, 0x00000000eb300000)
  object space 44032K, 34% used [0x00000000c1800000,0x00000000c26a1318,0x00000000c4300000)
 Metaspace       used 15937K, capacity 16130K, committed 16384K, reserved 1062912K
  class space    used 1913K, capacity 1997K, committed 2048K, reserved 1048576K
}
Event: 58801.352 GC heap before
{Heap before GC invocations=206 (full 0):
 PSYoungGen      total 19456K, used 19072K [0x00000000eb300000, 0x00000000efd80000, 0x0000000100000000)
  eden space 18944K, 100% used [0x00000000eb300000,0x00000000ec580000,0x00000000ec580000)
  from space 512K, 25% used [0x00000000efc80000,0x00000000efca0000,0x00000000efd00000)
  to   space 512K, 0% used [0x00000000efd00000,0x00000000efd00000,0x00000000efd80000)
 ParOldGen       total 44032K, used 14980K [0x00000000c1800000, 0x00000000c4300000, 0x00000000eb300000)
  object space 44032K, 34% used [0x00000000c1800000,0x00000000c26a1318,0x00000000c4300000)
 Metaspace       used 15937K, capacity 16130K, committed 16384K, reserved 1062912K
  class space    used 1913K, capacity 1997K, committed 2048K, reserved 1048576K
Event: 58801.356 GC heap after
Heap after GC invocations=206 (full 0):
 PSYoungGen      total 19456K, used 128K [0x00000000eb300000, 0x00000000efd80000, 0x0000000100000000)
  eden space 18944K, 0% used [0x00000000eb300000,0x00000000eb300000,0x00000000ec580000)
  from space 512K, 25% used [0x00000000efd00000,0x00000000efd20000,0x00000000efd80000)
  to   space 512K, 0% used [0x00000000efc80000,0x00000000efc80000,0x00000000efd00000)
 ParOldGen       total 44032K, used 14996K [0x00000000c1800000, 0x00000000c4300000, 0x00000000eb300000)
  object space 44032K, 34% used [0x00000000c1800000,0x00000000c26a5318,0x00000000c4300000)
 Metaspace       used 15937K, capacity 16130K, committed 16384K, reserved 1062912K
  class space    used 1913K, capacity 1997K, committed 2048K, reserved 1048576K
}
Event: 58927.832 GC heap before
{Heap before GC invocations=207 (full 0):
 PSYoungGen      total 19456K, used 19072K [0x00000000eb300000, 0x00000000efd80000, 0x0000000100000000)
  eden space 18944K, 100% used [0x00000000eb300000,0x00000000ec580000,0x00000000ec580000)
  from space 512K, 25% used [0x00000000efd00000,0x00000000efd20000,0x00000000efd80000)
  to   space 512K, 0% used [0x00000000efc80000,0x00000000efc80000,0x00000000efd00000)
 ParOldGen       total 44032K, used 14996K [0x00000000c1800000, 0x00000000c4300000, 0x00000000eb300000)
  object space 44032K, 34% used [0x00000000c1800000,0x00000000c26a5318,0x00000000c4300000)
 Metaspace       used 15937K, capacity 16130K, committed 16384K, reserved 1062912K
  class space    used 1913K, capacity 1997K, committed 2048K, reserved 1048576K
Event: 58927.836 GC heap after
Heap after GC invocations=207 (full 0):
 PSYoungGen      total 19456K, used 128K [0x00000000eb300000, 0x00000000efd80000, 0x0000000100000000)
  eden space 18944K, 0% used [0x00000000eb300000,0x00000000eb300000,0x00000000ec580000)
  from space 512K, 25% used [0x00000000efc80000,0x00000000efca0000,0x00000000efd00000)
  to   space 512K, 0% used [0x00000000efd00000,0x00000000efd00000,0x00000000efd80000)
 ParOldGen       total 44032K, used 15012K [0x00000000c1800000, 0x00000000c4300000, 0x00000000eb300000)
  object space 44032K, 34% used [0x00000000c1800000,0x00000000c26a9318,0x00000000c4300000)
 Metaspace       used 15937K, capacity 16130K, committed 16384K, reserved 1062912K
  class space    used 1913K, capacity 1997K, committed 2048K, reserved 1048576K
}
Event: 59042.824 GC heap before
{Heap before GC invocations=208 (full 0):
 PSYoungGen      total 19456K, used 19072K [0x00000000eb300000, 0x00000000efd80000, 0x0000000100000000)
  eden space 18944K, 100% used [0x00000000eb300000,0x00000000ec580000,0x00000000ec580000)
  from space 512K, 25% used [0x00000000efc80000,0x00000000efca0000,0x00000000efd00000)
  to   space 512K, 0% used [0x00000000efd00000,0x00000000efd00000,0x00000000efd80000)
 ParOldGen       total 44032K, used 15012K [0x00000000c1800000, 0x00000000c4300000, 0x00000000eb300000)
  object space 44032K, 34% used [0x00000000c1800000,0x00000000c26a9318,0x00000000c4300000)
 Metaspace       used 15938K, capacity 16130K, committed 16384K, reserved 1062912K
  class space    used 1913K, capacity 1997K, committed 2048K, reserved 1048576K
Event: 59042.825 GC heap after
Heap after GC invocations=208 (full 0):
 PSYoungGen      total 19456K, used 128K [0x00000000eb300000, 0x00000000efd80000, 0x0000000100000000)
  eden space 18944K, 0% used [0x00000000eb300000,0x00000000eb300000,0x00000000ec580000)
  from space 512K, 25% used [0x00000000efd00000,0x00000000efd20000,0x00000000efd80000)
  to   space 512K, 0% used [0x00000000efc80000,0x00000000efc80000,0x00000000efd00000)
 ParOldGen       total 44032K, used 15036K [0x00000000c1800000, 0x00000000c4300000, 0x00000000eb300000)
  object space 44032K, 34% used [0x00000000c1800000,0x00000000c26af318,0x00000000c4300000)
 Metaspace       used 15938K, capacity 16130K, committed 16384K, reserved 1062912K
  class space    used 1913K, capacity 1997K, committed 2048K, reserved 1048576K
}

