# JRE version: Java(TM) SE Runtime Environment (8.0_111-b14) (build 1.8.0_111-b14)
# Java VM: Java HotSpot(TM) 64-Bit Server VM (25.111-b14 mixed mode windows-amd64 compressed oops)
Heap:
 PSYoungGen      total 19456K, used 6451K [0x00000000eb300000, 0x00000000ec700000, 0x0000000100000000)
  eden space 18944K, 33% used [0x00000000eb300000,0x00000000eb92ccf8,0x00000000ec580000)
  from space 512K, 25% used [0x00000000ec600000,0x00000000ec620000,0x00000000ec680000)
  to   space 512K, 0% used [0x00000000ec680000,0x00000000ec680000,0x00000000ec700000)
 ParOldGen       total 44032K, used 10641K [0x00000000c1800000, 0x00000000c4300000, 0x00000000eb300000)
  object space 44032K, 24% used [0x00000000c1800000,0x00000000c22646e8,0x00000000c4300000)
 Metaspace       used 15722K, capacity 15930K, committed 16384K, reserved 1062912K
  class space    used 1866K, capacity 1933K, committed 2048K, reserved 1048576K
GC Heap History (10 events):
Event: 57017.952 GC heap before
{Heap before GC invocations=159 (full 0):
 PSYoungGen      total 19456K, used 19072K [0x00000000eb300000, 0x00000000ec700000, 0x0000000100000000)
  eden space 18944K, 100% used [0x00000000eb300000,0x00000000ec580000,0x00000000ec580000)
  from space 512K, 25% used [0x00000000ec680000,0x00000000ec6a0000,0x00000000ec700000)
  to   space 512K, 0% used [0x00000000ec600000,0x00000000ec600000,0x00000000ec680000)
 ParOldGen       total 44032K, used 10545K [0x00000000c1800000, 0x00000000c4300000, 0x00000000eb300000)
  object space 44032K, 23% used [0x00000000c1800000,0x00000000c224c6e8,0x00000000c4300000)
 Metaspace       used 15717K, capacity 15930K, committed 16384K, reserved 1062912K
  class space    used 1866K, capacity 1933K, committed 2048K, reserved 1048576K
Event: 57017.955 GC heap after
Heap after GC invocations=159 (full 0):
 PSYoungGen      total 19456K, used 128K [0x00000000eb300000, 0x00000000ec700000, 0x0000000100000000)
  eden space 18944K, 0% used [0x00000000eb300000,0x00000000eb300000,0x00000000ec580000)
  from space 512K, 25% used [0x00000000ec600000,0x00000000ec620000,0x00000000ec680000)
  to   space 512K, 0% used [0x00000000ec680000,0x00000000ec680000,0x00000000ec700000)
 ParOldGen       total 44032K, used 10553K [0x00000000c1800000, 0x00000000c4300000, 0x00000000eb300000)
  object space 44032K, 23% used [0x00000000c1800000,0x00000000c224e6e8,0x00000000c4300000)
 Metaspace       used 15717K, capacity 15930K, committed 16384K, reserved 1062912K
  class space    used 1866K, capacity 1933K, committed 2048K, reserved 1048576K
}
Event: 57184.301 GC heap before
{Heap before GC invocations=160 (full 0):
 PSYoungGen      total 19456K, used 19072K [0x00000000eb300000, 0x00000000ec700000, 0x0000000100000000)
  eden space 18944K, 100% used [0x00000000eb300000,0x00000000ec580000,0x00000000ec580000)
  from space 512K, 25% used [0x00000000ec600000,0x00000000ec620000,0x00000000ec680000)
  to   space 512K, 0% used [0x00000000ec680000,0x00000000ec680000,0x00000000ec700000)
 ParOldGen       total 44032K, used 10553K [0x00000000c1800000, 0x00000000c4300000, 0x00000000eb300000)
  object space 44032K, 23% used [0x00000000c1800000,0x00000000c224e6e8,0x00000000c4300000)
 Metaspace       used 15717K, capacity 15930K, committed 16384K, reserved 1062912K
  class space    used 1866K, capacity 1933K, committed 2048K, reserved 1048576K
Event: 57184.305 GC heap after
Heap after GC invocations=160 (full 0):
 PSYoungGen      total 19456K, used 128K [0x00000000eb300000, 0x00000000ec700000, 0x0000000100000000)
  eden space 18944K, 0% used [0x00000000eb300000,0x00000000eb300000,0x00000000ec580000)
  from space 512K, 25% used [0x00000000ec680000,0x00000000ec6a0000,0x00000000ec700000)
  to   space 512K, 0% used [0x00000000ec600000,0x00000000ec600000,0x00000000ec680000)
 ParOldGen       total 44032K, used 10577K [0x00000000c1800000, 0x00000000c4300000, 0x00000000eb300000)
  object space 44032K, 24% used [0x00000000c1800000,0x00000000c22546e8,0x00000000c4300000)
 Metaspace       used 15717K, capacity 15930K, committed 16384K, reserved 1062912K
  class space    used 1866K, capacity 1933K, committed 2048K, reserved 1048576K
}
Event: 57372.553 GC heap before
{Heap before GC invocations=161 (full 0):
 PSYoungGen      total 19456K, used 19072K [0x00000000eb300000, 0x00000000ec700000, 0x0000000100000000)
  eden space 18944K, 100% used [0x00000000eb300000,0x00000000ec580000,0x00000000ec580000)
  from space 512K, 25% used [0x00000000ec680000,0x00000000ec6a0000,0x00000000ec700000)
  to   space 512K, 0% used [0x00000000ec600000,0x00000000ec600000,0x00000000ec680000)
 ParOldGen       total 44032K, used 10577K [0x00000000c1800000, 0x00000000c4300000, 0x00000000eb300000)
  object space 44032K, 24% used [0x00000000c1800000,0x00000000c22546e8,0x00000000c4300000)
 Metaspace       used 15718K, capacity 15930K, committed 16384K, reserved 1062912K
  class space    used 1866K, capacity 1933K, committed 2048K, reserved 1048576K
Event: 57372.558 GC heap after
Heap after GC invocations=161 (full 0):
 PSYoungGen      total 19456K, used 192K [0x00000000eb300000, 0x00000000ec700000, 0x0000000100000000)
  eden space 18944K, 0% used [0x00000000eb300000,0x00000000eb300000,0x00000000ec580000)
  from space 512K, 37% used [0x00000000ec600000,0x00000000ec630000,0x00000000ec680000)
  to   space 512K, 0% used [0x00000000ec680000,0x00000000ec680000,0x00000000ec700000)
 ParOldGen       total 44032K, used 10593K [0x00000000c1800000, 0x00000000c4300000, 0x00000000eb300000)
  object space 44032K, 24% used [0x00000000c1800000,0x00000000c22586e8,0x00000000c4300000)
 Metaspace       used 15718K, capacity 15930K, committed 16384K, reserved 1062912K
  class space    used 1866K, capacity 1933K, committed 2048K, reserved 1048576K
}
Event: 57557.768 GC heap before
{Heap before GC invocations=162 (full 0):
 PSYoungGen      total 19456K, used 19136K [0x00000000eb300000, 0x00000000ec700000, 0x0000000100000000)
  eden space 18944K, 100% used [0x00000000eb300000,0x00000000ec580000,0x00000000ec580000)
  from space 512K, 37% used [0x00000000ec600000,0x00000000ec630000,0x00000000ec680000)
  to   space 512K, 0% used [0x00000000ec680000,0x00000000ec680000,0x00000000ec700000)
 ParOldGen       total 44032K, used 10593K [0x00000000c1800000, 0x00000000c4300000, 0x00000000eb300000)
  object space 44032K, 24% used [0x00000000c1800000,0x00000000c22586e8,0x00000000c4300000)
 Metaspace       used 15718K, capacity 15930K, committed 16384K, reserved 1062912K
  class space    used 1866K, capacity 1933K, committed 2048K, reserved 1048576K
Event: 57557.772 GC heap after
Heap after GC invocations=162 (full 0):
 PSYoungGen      total 19456K, used 384K [0x00000000eb300000, 0x00000000ec700000, 0x0000000100000000)
  eden space 18944K, 0% used [0x00000000eb300000,0x00000000eb300000,0x00000000ec580000)
  from space 512K, 75% used [0x00000000ec680000,0x00000000ec6e0000,0x00000000ec700000)
  to   space 512K, 0% used [0x00000000ec600000,0x00000000ec600000,0x00000000ec680000)
 ParOldGen       total 44032K, used 10625K [0x00000000c1800000, 0x00000000c4300000, 0x00000000eb300000)
  object space 44032K, 24% used [0x00000000c1800000,0x00000000c22606e8,0x00000000c4300000)
 Metaspace       used 15718K, capacity 15930K, committed 16384K, reserved 1062912K
  class space    used 1866K, capacity 1933K, committed 2048K, reserved 1048576K
}
Event: 57702.489 GC heap before
{Heap before GC invocations=163 (full 0):
 PSYoungGen      total 19456K, used 19328K [0x00000000eb300000, 0x00000000ec700000, 0x0000000100000000)
  eden space 18944K, 100% used [0x00000000eb300000,0x00000000ec580000,0x00000000ec580000)
  from space 512K, 75% used [0x00000000ec680000,0x00000000ec6e0000,0x00000000ec700000)
  to   space 512K, 0% used [0x00000000ec600000,0x00000000ec600000,0x00000000ec680000)
 ParOldGen       total 44032K, used 10625K [0x00000000c1800000, 0x00000000c4300000, 0x00000000eb300000)
  object space 44032K, 24% used [0x00000000c1800000,0x00000000c22606e8,0x00000000c4300000)
 Metaspace       used 15719K, capacity 15930K, committed 16384K, reserved 1062912K
  class space    used 1866K, capacity 1933K, committed 2048K, reserved 1048576K
Event: 57702.493 GC heap after
Heap after GC invocations=163 (full 0):
 PSYoungGen      total 19456K, used 128K [0x00000000eb300000, 0x00000000ec700000, 0x0000000100000000)
  eden space 18944K, 0% used [0x00000000eb300000,0x00000000eb300000,0x00000000ec580000)
  from space 512K, 25% used [0x00000000ec600000,0x00000000ec620000,0x00000000ec680000)
  to   space 512K, 0% used [0x00000000ec680000,0x00000000ec680000,0x00000000ec700000)
 ParOldGen       total 44032K, used 10641K [0x00000000c1800000, 0x00000000c4300000, 0x00000000eb300000)
  object space 44032K, 24% used [0x00000000c1800000,0x00000000c22646e8,0x00000000c4300000)
 Metaspace       used 15719K, capacity 15930K, committed 16384K, reserved 1062912K
  class space    used 1866K, capacity 1933K, committed 2048K, reserved 1048576K
}

